<?xml version="1.0" encoding="UTF-8"?>
<!-- Generated by org.testng.reporters.JUnitReportReporter -->
<testsuite skipped="0" hostname="Vijayalaxmi-PC" name="com.appium.Appium" tests="1" failures="0" timestamp="20 Nov 2018 10:43:15 GMT" time="5.431" errors="1">
  <testcase name="run" time="5.431" classname="com.appium.Appium">
    <error type="org.openqa.selenium.SessionNotCreatedException" message="A new session could not be created. Details: The desiredCapabilities object was not valid for the following reason(s): &#039;deviceName&#039; can&#039;t be blank
Build info: version: &#039;3.11.0&#039;, revision: &#039;e59cfb3&#039;, time: &#039;2018-03-11T20:26:55.152Z&#039;
System info: host: &#039;VIJAYALAXMI-PC&#039;, ip: &#039;192.168.149.1&#039;, os.name: &#039;Windows 7&#039;, os.arch: &#039;amd64&#039;, os.version: &#039;6.1&#039;, java.version: &#039;1.8.0_144&#039;
Driver info: driver.version: RemoteWebDriver
remote stacktrace: SessionNotCreatedError: A new session could not be created. Details: The desiredCapabilities object was not valid for the following reason(s): &#039;deviceName&#039; can&#039;t be blank
    at AndroidDriver.validateDesiredCaps (C:\Program Files (x86)\Appium\resources\app\node_modules\appium-base-driver\lib\basedriver\driver.js:189:25)
    at AndroidDriver.validateDesiredCaps (C:\Program Files (x86)\Appium\resources\app\node_modules\appium-android-driver\lib\driver.js:29:20)
    at AndroidDriver.callee$0$0$ (C:\Program Files (x86)\Appium\resources\app\node_modules\appium-base-driver\lib\basedriver\commands\session.js:45:8)
    at tryCatch (C:\Program Files (x86)\Appium\resources\app\node_modules\appium-base-driver\node_modules\babel-runtime\regenerator\runtime.js:67:40)
    at GeneratorFunctionPrototype.invoke [as _invoke] (C:\Program Files (x86)\Appium\resources\app\node_modules\appium-base-driver\node_modules\babel-runtime\regenerator\runtime.js:315:22)
    at GeneratorFunctionPrototype.prototype.(anonymous function) [as next] (C:\Program Files (x86)\Appium\resources\app\node_modules\appium-base-driver\node_modules\babel-runtime\regenerator\runtime.js:100:21)
    at invoke (C:\Program Files (x86)\Appium\resources\app\node_modules\appium-base-driver\node_modules\babel-runtime\regenerator\runtime.js:136:37)
    at enqueueResult (C:\Program Files (x86)\Appium\resources\app\node_modules\appium-base-driver\node_modules\babel-runtime\regenerator\runtime.js:185:17)
    at new Promise (&lt;anonymous&gt;)
    at new F (C:\Program Files (x86)\Appium\resources\app\node_modules\appium-base-driver\node_modules\core-js\library\modules\$.export.js:30:36)
    at AsyncIterator.enqueue (C:\Program Files (x86)\Appium\resources\app\node_modules\appium-base-driver\node_modules\babel-runtime\regenerator\runtime.js:184:12)
    at AsyncIterator.prototype.(anonymous function) [as next] (C:\Program Files (x86)\Appium\resources\app\node_modules\appium-base-driver\node_modules\babel-runtime\regenerator\runtime.js:100:21)
    at Object.runtime.async (C:\Program Files (x86)\Appium\resources\app\node_modules\appium-base-driver\node_modules\babel-runtime\regenerator\runtime.js:209:12)
    at AndroidDriver.callee$0$0 [as createSession] (C:\Program Files (x86)\Appium\resources\app\node_modules\appium-base-driver\build\lib\basedriver\commands\session.js:35:30)
    at AndroidDriver.createSession$ (C:\Program Files (x86)\Appium\resources\app\node_modules\appium-android-driver\lib\driver.js:29:20)
    at tryCatch (C:\Program Files (x86)\Appium\resources\app\node_modules\appium-android-driver\node_modules\babel-runtime\regenerator\runtime.js:67:40)
    at GeneratorFunctionPrototype.invoke [as _invoke] (C:\Program Files (x86)\Appium\resources\app\node_modules\appium-android-driver\node_modules\babel-runtime\regenerator\runtime.js:315:22)
    at GeneratorFunctionPrototype.prototype.(anonymous function) [as next] (C:\Program Files (x86)\Appium\resources\app\node_modules\appium-android-driver\node_modules\babel-runtime\regenerator\runtime.js:100:21)
    at invoke (C:\Program Files (x86)\Appium\resources\app\node_modules\appium-android-driver\node_modules\babel-runtime\regenerator\runtime.js:136:37)
    at enqueueResult (C:\Program Files (x86)\Appium\resources\app\node_modules\appium-android-driver\node_modules\babel-runtime\regenerator\runtime.js:185:17)
    at new Promise (&lt;anonymous&gt;)
    at new F (C:\Program Files (x86)\Appium\resources\app\node_modules\appium-android-driver\node_modules\core-js\library\modules\$.export.js:30:36)
    at AsyncIterator.enqueue (C:\Program Files (x86)\Appium\resources\app\node_modules\appium-android-driver\node_modules\babel-runtime\regenerator\runtime.js:184:12)
    at AsyncIterator.prototype.(anonymous function) [as next] (C:\Program Files (x86)\Appium\resources\app\node_modules\appium-android-driver\node_modules\babel-runtime\regenerator\runtime.js:100:21)
    at Object.runtime.async (C:\Program Files (x86)\Appium\resources\app\node_modules\appium-android-driver\node_modules\babel-runtime\regenerator\runtime.js:209:12)
    at AndroidDriver.createSession (C:\Program Files (x86)\Appium\resources\app\node_modules\appium-android-driver\build\lib\driver.js:140:34)
    at AppiumDriver.callee$2$0$ (C:\Program Files (x86)\Appium\resources\app\node_modules\appium\lib\appium.js:244:43)
    at tryCatch (C:\Program Files (x86)\Appium\resources\app\node_modules\appium\node_modules\babel-runtime\regenerator\runtime.js:67:40)
    at GeneratorFunctionPrototype.invoke [as _invoke] (C:\Program Files (x86)\Appium\resources\app\node_modules\appium\node_modules\babel-runtime\regenerator\runtime.js:315:22)
    at GeneratorFunctionPrototype.prototype.(anonymous function) [as next] (C:\Program Files (x86)\Appium\resources\app\node_modules\appium\node_modules\babel-runtime\regenerator\runtime.js:100:21)
    at GeneratorFunctionPrototype.invoke (C:\Program Files (x86)\Appium\resources\app\node_modules\appium\node_modules\babel-runtime\regenerator\runtime.js:136:37)
    at &lt;anonymous&gt;
    at process._tickCallback (internal/process/next_tick.js:188:7)">
      <![CDATA[org.openqa.selenium.SessionNotCreatedException: A new session could not be created. Details: The desiredCapabilities object was not valid for the following reason(s): 'deviceName' can't be blank
Build info: version: '3.11.0', revision: 'e59cfb3', time: '2018-03-11T20:26:55.152Z'
System info: host: 'VIJAYALAXMI-PC', ip: '192.168.149.1', os.name: 'Windows 7', os.arch: 'amd64', os.version: '6.1', java.version: '1.8.0_144'
Driver info: driver.version: RemoteWebDriver
remote stacktrace: SessionNotCreatedError: A new session could not be created. Details: The desiredCapabilities object was not valid for the following reason(s): 'deviceName' can't be blank
    at AndroidDriver.validateDesiredCaps (C:\Program Files (x86)\Appium\resources\app\node_modules\appium-base-driver\lib\basedriver\driver.js:189:25)
    at AndroidDriver.validateDesiredCaps (C:\Program Files (x86)\Appium\resources\app\node_modules\appium-android-driver\lib\driver.js:29:20)
    at AndroidDriver.callee$0$0$ (C:\Program Files (x86)\Appium\resources\app\node_modules\appium-base-driver\lib\basedriver\commands\session.js:45:8)
    at tryCatch (C:\Program Files (x86)\Appium\resources\app\node_modules\appium-base-driver\node_modules\babel-runtime\regenerator\runtime.js:67:40)
    at GeneratorFunctionPrototype.invoke [as _invoke] (C:\Program Files (x86)\Appium\resources\app\node_modules\appium-base-driver\node_modules\babel-runtime\regenerator\runtime.js:315:22)
    at GeneratorFunctionPrototype.prototype.(anonymous function) [as next] (C:\Program Files (x86)\Appium\resources\app\node_modules\appium-base-driver\node_modules\babel-runtime\regenerator\runtime.js:100:21)
    at invoke (C:\Program Files (x86)\Appium\resources\app\node_modules\appium-base-driver\node_modules\babel-runtime\regenerator\runtime.js:136:37)
    at enqueueResult (C:\Program Files (x86)\Appium\resources\app\node_modules\appium-base-driver\node_modules\babel-runtime\regenerator\runtime.js:185:17)
    at new Promise (<anonymous>)
    at new F (C:\Program Files (x86)\Appium\resources\app\node_modules\appium-base-driver\node_modules\core-js\library\modules\$.export.js:30:36)
    at AsyncIterator.enqueue (C:\Program Files (x86)\Appium\resources\app\node_modules\appium-base-driver\node_modules\babel-runtime\regenerator\runtime.js:184:12)
    at AsyncIterator.prototype.(anonymous function) [as next] (C:\Program Files (x86)\Appium\resources\app\node_modules\appium-base-driver\node_modules\babel-runtime\regenerator\runtime.js:100:21)
    at Object.runtime.async (C:\Program Files (x86)\Appium\resources\app\node_modules\appium-base-driver\node_modules\babel-runtime\regenerator\runtime.js:209:12)
    at AndroidDriver.callee$0$0 [as createSession] (C:\Program Files (x86)\Appium\resources\app\node_modules\appium-base-driver\build\lib\basedriver\commands\session.js:35:30)
    at AndroidDriver.createSession$ (C:\Program Files (x86)\Appium\resources\app\node_modules\appium-android-driver\lib\driver.js:29:20)
    at tryCatch (C:\Program Files (x86)\Appium\resources\app\node_modules\appium-android-driver\node_modules\babel-runtime\regenerator\runtime.js:67:40)
    at GeneratorFunctionPrototype.invoke [as _invoke] (C:\Program Files (x86)\Appium\resources\app\node_modules\appium-android-driver\node_modules\babel-runtime\regenerator\runtime.js:315:22)
    at GeneratorFunctionPrototype.prototype.(anonymous function) [as next] (C:\Program Files (x86)\Appium\resources\app\node_modules\appium-android-driver\node_modules\babel-runtime\regenerator\runtime.js:100:21)
    at invoke (C:\Program Files (x86)\Appium\resources\app\node_modules\appium-android-driver\node_modules\babel-runtime\regenerator\runtime.js:136:37)
    at enqueueResult (C:\Program Files (x86)\Appium\resources\app\node_modules\appium-android-driver\node_modules\babel-runtime\regenerator\runtime.js:185:17)
    at new Promise (<anonymous>)
    at new F (C:\Program Files (x86)\Appium\resources\app\node_modules\appium-android-driver\node_modules\core-js\library\modules\$.export.js:30:36)
    at AsyncIterator.enqueue (C:\Program Files (x86)\Appium\resources\app\node_modules\appium-android-driver\node_modules\babel-runtime\regenerator\runtime.js:184:12)
    at AsyncIterator.prototype.(anonymous function) [as next] (C:\Program Files (x86)\Appium\resources\app\node_modules\appium-android-driver\node_modules\babel-runtime\regenerator\runtime.js:100:21)
    at Object.runtime.async (C:\Program Files (x86)\Appium\resources\app\node_modules\appium-android-driver\node_modules\babel-runtime\regenerator\runtime.js:209:12)
    at AndroidDriver.createSession (C:\Program Files (x86)\Appium\resources\app\node_modules\appium-android-driver\build\lib\driver.js:140:34)
    at AppiumDriver.callee$2$0$ (C:\Program Files (x86)\Appium\resources\app\node_modules\appium\lib\appium.js:244:43)
    at tryCatch (C:\Program Files (x86)\Appium\resources\app\node_modules\appium\node_modules\babel-runtime\regenerator\runtime.js:67:40)
    at GeneratorFunctionPrototype.invoke [as _invoke] (C:\Program Files (x86)\Appium\resources\app\node_modules\appium\node_modules\babel-runtime\regenerator\runtime.js:315:22)
    at GeneratorFunctionPrototype.prototype.(anonymous function) [as next] (C:\Program Files (x86)\Appium\resources\app\node_modules\appium\node_modules\babel-runtime\regenerator\runtime.js:100:21)
    at GeneratorFunctionPrototype.invoke (C:\Program Files (x86)\Appium\resources\app\node_modules\appium\node_modules\babel-runtime\regenerator\runtime.js:136:37)
    at <anonymous>
    at process._tickCallback (internal/process/next_tick.js:188:7)
at sun.reflect.NativeConstructorAccessorImpl.newInstance0(Native Method)
at sun.reflect.NativeConstructorAccessorImpl.newInstance(Unknown Source)
at sun.reflect.DelegatingConstructorAccessorImpl.newInstance(Unknown Source)
at java.lang.reflect.Constructor.newInstance(Unknown Source)
at org.openqa.selenium.remote.W3CHandshakeResponse.lambda$new$0(W3CHandshakeResponse.java:57)
at org.openqa.selenium.remote.W3CHandshakeResponse.lambda$getResponseFunction$2(W3CHandshakeResponse.java:104)
at org.openqa.selenium.remote.ProtocolHandshake.lambda$createSession$0(ProtocolHandshake.java:123)
at java.util.stream.ReferencePipeline$3$1.accept(Unknown Source)
at java.util.Spliterators$ArraySpliterator.tryAdvance(Unknown Source)
at java.util.stream.ReferencePipeline.forEachWithCancel(Unknown Source)
at java.util.stream.AbstractPipeline.copyIntoWithCancel(Unknown Source)
at java.util.stream.AbstractPipeline.copyInto(Unknown Source)
at java.util.stream.AbstractPipeline.wrapAndCopyInto(Unknown Source)
at java.util.stream.FindOps$FindOp.evaluateSequential(Unknown Source)
at java.util.stream.AbstractPipeline.evaluate(Unknown Source)
at java.util.stream.ReferencePipeline.findFirst(Unknown Source)
at org.openqa.selenium.remote.ProtocolHandshake.createSession(ProtocolHandshake.java:126)
at org.openqa.selenium.remote.ProtocolHandshake.createSession(ProtocolHandshake.java:73)
at org.openqa.selenium.remote.HttpCommandExecutor.execute(HttpCommandExecutor.java:136)
at org.openqa.selenium.remote.RemoteWebDriver.execute(RemoteWebDriver.java:545)
at org.openqa.selenium.remote.RemoteWebDriver.startSession(RemoteWebDriver.java:209)
at org.openqa.selenium.remote.RemoteWebDriver.<init>(RemoteWebDriver.java:132)
at org.openqa.selenium.remote.RemoteWebDriver.<init>(RemoteWebDriver.java:145)
at com.appium.Appium.run(Appium.java:36)
at sun.reflect.NativeMethodAccessorImpl.invoke0(Native Method)
at sun.reflect.NativeMethodAccessorImpl.invoke(Unknown Source)
at sun.reflect.DelegatingMethodAccessorImpl.invoke(Unknown Source)
at java.lang.reflect.Method.invoke(Unknown Source)
at org.testng.internal.MethodInvocationHelper.invokeMethod(MethodInvocationHelper.java:124)
at org.testng.internal.Invoker.invokeMethod(Invoker.java:583)
at org.testng.internal.Invoker.invokeTestMethod(Invoker.java:719)
at org.testng.internal.Invoker.invokeTestMethods(Invoker.java:989)
at org.testng.internal.TestMethodWorker.invokeTestMethods(TestMethodWorker.java:125)
at org.testng.internal.TestMethodWorker.run(TestMethodWorker.java:109)
at org.testng.TestRunner.privateRun(TestRunner.java:648)
at org.testng.TestRunner.run(TestRunner.java:505)
at org.testng.SuiteRunner.runTest(SuiteRunner.java:455)
at org.testng.SuiteRunner.runSequentially(SuiteRunner.java:450)
at org.testng.SuiteRunner.privateRun(SuiteRunner.java:415)
at org.testng.SuiteRunner.run(SuiteRunner.java:364)
at org.testng.SuiteRunnerWorker.runSuite(SuiteRunnerWorker.java:52)
at org.testng.SuiteRunnerWorker.run(SuiteRunnerWorker.java:84)
at org.testng.TestNG.runSuitesSequentially(TestNG.java:1208)
at org.testng.TestNG.runSuitesLocally(TestNG.java:1137)
at org.testng.TestNG.runSuites(TestNG.java:1049)
at org.testng.TestNG.run(TestNG.java:1017)
at org.testng.remote.AbstractRemoteTestNG.run(AbstractRemoteTestNG.java:114)
at org.testng.remote.RemoteTestNG.initAndRun(RemoteTestNG.java:251)
at org.testng.remote.RemoteTestNG.main(RemoteTestNG.java:77)
]]>
    </error>
  </testcase> <!-- run -->
</testsuite> <!-- com.appium.Appium -->
